<?xml version="1.0" encoding="UTF-8"?>
<!-- Generated by org.testng.reporters.JUnitReportReporter -->
<testsuite skipped="0" hostname="SwathiKiran" name="tests.FlightDetailsPageTest" tests="1" failures="0" timestamp="02 Nov 2020 16:17:34 GMT" time="53.974" errors="0">
  <testcase name="ShowNonStopFlights" time="53.974" classname="tests.FlightDetailsPageTest"/>
</testsuite> <!-- tests.FlightDetailsPageTest -->
