<?xml version="1.0" encoding="UTF-8"?>
<!-- Generated by org.testng.reporters.JUnitReportReporter -->
<testsuite skipped="0" hostname="SwathiKiran" name="tests.HomePageTest" tests="1" failures="0" timestamp="02 Nov 2020 11:24:23 GMT" time="31.907" errors="0">
  <testcase name="homePageTest" time="31.907" classname="tests.HomePageTest"/>
</testsuite> <!-- tests.HomePageTest -->
